2025-02-05T00:10:05.463+05:30  INFO 27200 --- [bookApp] [main] com.book.bookApp.BookAppApplication      : Starting BookAppApplication using Java 21.0.4 with PID 27200 (C:\Users\vidhul.s\Documents\IdeaProjects\bookApp\target\classes started by vidhul.s in C:\Users\vidhul.s\Documents\IdeaProjects\bookApp)
2025-02-05T00:10:05.466+05:30  INFO 27200 --- [bookApp] [main] com.book.bookApp.BookAppApplication      : No active profile set, falling back to 1 default profile: "default"
2025-02-05T00:10:06.651+05:30  INFO 27200 --- [bookApp] [main] .s.d.r.c.RepositoryConfigurationDelegate : Bootstrapping Spring Data JPA repositories in DEFAULT mode.
2025-02-05T00:10:06.700+05:30  INFO 27200 --- [bookApp] [main] .s.d.r.c.RepositoryConfigurationDelegate : Finished Spring Data repository scanning in 42 ms. Found 1 JPA repository interface.
2025-02-05T00:10:08.038+05:30  INFO 27200 --- [bookApp] [main] o.s.b.w.embedded.tomcat.TomcatWebServer  : Tomcat initialized with port 8090 (http)
2025-02-05T00:10:08.060+05:30  INFO 27200 --- [bookApp] [main] o.apache.catalina.core.StandardService   : Starting service [Tomcat]
2025-02-05T00:10:08.060+05:30  INFO 27200 --- [bookApp] [main] o.apache.catalina.core.StandardEngine    : Starting Servlet engine: [Apache Tomcat/10.1.34]
2025-02-05T00:10:08.137+05:30  INFO 27200 --- [bookApp] [main] o.a.c.c.C.[Tomcat].[localhost].[/]       : Initializing Spring embedded WebApplicationContext
2025-02-05T00:10:08.137+05:30  INFO 27200 --- [bookApp] [main] w.s.c.ServletWebServerApplicationContext : Root WebApplicationContext: initialization completed in 2618 ms
2025-02-05T00:10:08.878+05:30  INFO 27200 --- [bookApp] [main] com.zaxxer.hikari.HikariDataSource       : HikariPool-1 - Starting...
2025-02-05T00:10:09.253+05:30  INFO 27200 --- [bookApp] [main] com.zaxxer.hikari.pool.HikariPool        : HikariPool-1 - Added connection conn0: url=jdbc:h2:mem:3b98a477-610e-47e3-a68e-98325dec44a0 user=SA
2025-02-05T00:10:09.255+05:30  INFO 27200 --- [bookApp] [main] com.zaxxer.hikari.HikariDataSource       : HikariPool-1 - Start completed.
2025-02-05T00:10:09.323+05:30  INFO 27200 --- [bookApp] [main] o.hibernate.jpa.internal.util.LogHelper  : HHH000204: Processing PersistenceUnitInfo [name: default]
2025-02-05T00:10:09.410+05:30  INFO 27200 --- [bookApp] [main] org.hibernate.Version                    : HHH000412: Hibernate ORM core version 6.5.3.Final
2025-02-05T00:10:09.442+05:30  INFO 27200 --- [bookApp] [main] o.h.c.internal.RegionFactoryInitiator    : HHH000026: Second-level cache disabled
2025-02-05T00:10:09.735+05:30  INFO 27200 --- [bookApp] [main] o.s.o.j.p.SpringPersistenceUnitInfo      : No LoadTimeWeaver setup: ignoring JPA class transformer
2025-02-05T00:10:10.585+05:30  INFO 27200 --- [bookApp] [main] o.h.e.t.j.p.i.JtaPlatformInitiator       : HHH000489: No JTA platform available (set 'hibernate.transaction.jta.platform' to enable JTA platform integration)
2025-02-05T00:10:10.628+05:30  INFO 27200 --- [bookApp] [main] j.LocalContainerEntityManagerFactoryBean : Initialized JPA EntityManagerFactory for persistence unit 'default'
2025-02-05T00:10:12.465+05:30  WARN 27200 --- [bookApp] [main] JpaBaseConfiguration$JpaWebConfiguration : spring.jpa.open-in-view is enabled by default. Therefore, database queries may be performed during view rendering. Explicitly configure spring.jpa.open-in-view to disable this warning
2025-02-05T00:10:14.379+05:30  INFO 27200 --- [bookApp] [main] o.s.b.a.h2.H2ConsoleAutoConfiguration    : H2 console available at '/h2-console'. Database available at 'jdbc:h2:mem:3b98a477-610e-47e3-a68e-98325dec44a0'
2025-02-05T00:10:14.472+05:30  INFO 27200 --- [bookApp] [main] o.s.b.a.e.web.EndpointLinksResolver      : Exposing 15 endpoints beneath base path '/actuator'
2025-02-05T00:10:14.635+05:30  INFO 27200 --- [bookApp] [main] o.s.b.w.embedded.tomcat.TomcatWebServer  : Tomcat started on port 8090 (http) with context path '/'
2025-02-05T00:10:14.670+05:30  INFO 27200 --- [bookApp] [main] com.book.bookApp.BookAppApplication      : Started BookAppApplication in 9.63 seconds (process running for 10.042)
2025-02-05T00:10:14.691+05:30  INFO 27200 --- [bookApp] [scheduling-1] com.book.bookApp.util.LoggingAspect      : Entering method: BookServiceImpl.getAllBooks() @ 1738694414690
2025-02-05T00:11:14.674+05:30  INFO 27200 --- [bookApp] [scheduling-1] com.book.bookApp.util.LoggingAspect      : Entering method: BookServiceImpl.getAllBooks() @ 1738694474673
2025-02-05T00:12:14.674+05:30  INFO 27200 --- [bookApp] [scheduling-1] com.book.bookApp.util.LoggingAspect      : Entering method: BookServiceImpl.getAllBooks() @ 1738694534674
2025-02-05T00:13:14.684+05:30  INFO 27200 --- [bookApp] [scheduling-1] com.book.bookApp.util.LoggingAspect      : Entering method: BookServiceImpl.getAllBooks() @ 1738694594684
2025-02-05T00:14:14.678+05:30  INFO 27200 --- [bookApp] [scheduling-1] com.book.bookApp.util.LoggingAspect      : Entering method: BookServiceImpl.getAllBooks() @ 1738694654677
2025-02-05T00:15:14.680+05:30  INFO 27200 --- [bookApp] [scheduling-1] com.book.bookApp.util.LoggingAspect      : Entering method: BookServiceImpl.getAllBooks() @ 1738694714680
2025-02-05T00:16:14.676+05:30  INFO 27200 --- [bookApp] [scheduling-1] com.book.bookApp.util.LoggingAspect      : Entering method: BookServiceImpl.getAllBooks() @ 1738694774676
2025-02-05T00:17:14.681+05:30  INFO 27200 --- [bookApp] [scheduling-1] com.book.bookApp.util.LoggingAspect      : Entering method: BookServiceImpl.getAllBooks() @ 1738694834680
2025-02-05T00:18:14.683+05:30  INFO 27200 --- [bookApp] [scheduling-1] com.book.bookApp.util.LoggingAspect      : Entering method: BookServiceImpl.getAllBooks() @ 1738694894683
2025-02-05T00:18:48.680+05:30  INFO 27200 --- [bookApp] [SpringApplicationShutdownHook] j.LocalContainerEntityManagerFactoryBean : Closing JPA EntityManagerFactory for persistence unit 'default'
2025-02-05T00:18:48.683+05:30  INFO 27200 --- [bookApp] [SpringApplicationShutdownHook] com.zaxxer.hikari.HikariDataSource       : HikariPool-1 - Shutdown initiated...
2025-02-05T00:18:48.685+05:30  INFO 27200 --- [bookApp] [SpringApplicationShutdownHook] com.zaxxer.hikari.HikariDataSource       : HikariPool-1 - Shutdown completed.
2025-02-05T00:32:46.386+05:30  INFO 7792 --- [bookApp] [main] c.book.bookApp.BankAppApplicationTests   : Starting BankAppApplicationTests using Java 21.0.4 with PID 7792 (started by vidhul.s in C:\Users\vidhul.s\Documents\IdeaProjects\bookApp)
2025-02-05T00:32:46.388+05:30  INFO 7792 --- [bookApp] [main] c.book.bookApp.BankAppApplicationTests   : No active profile set, falling back to 1 default profile: "default"
2025-02-05T00:32:47.464+05:30  INFO 7792 --- [bookApp] [main] .s.d.r.c.RepositoryConfigurationDelegate : Bootstrapping Spring Data JPA repositories in DEFAULT mode.
2025-02-05T00:32:47.518+05:30  INFO 7792 --- [bookApp] [main] .s.d.r.c.RepositoryConfigurationDelegate : Finished Spring Data repository scanning in 47 ms. Found 1 JPA repository interface.
2025-02-05T00:32:48.455+05:30  INFO 7792 --- [bookApp] [main] com.zaxxer.hikari.HikariDataSource       : HikariPool-1 - Starting...
2025-02-05T00:32:48.729+05:30  INFO 7792 --- [bookApp] [main] com.zaxxer.hikari.pool.HikariPool        : HikariPool-1 - Added connection conn0: url=jdbc:h2:mem:f213e16f-9c45-411a-b5fb-4efa00c980c6 user=SA
2025-02-05T00:32:48.732+05:30  INFO 7792 --- [bookApp] [main] com.zaxxer.hikari.HikariDataSource       : HikariPool-1 - Start completed.
2025-02-05T00:32:48.792+05:30  INFO 7792 --- [bookApp] [main] o.hibernate.jpa.internal.util.LogHelper  : HHH000204: Processing PersistenceUnitInfo [name: default]
2025-02-05T00:32:48.856+05:30  INFO 7792 --- [bookApp] [main] org.hibernate.Version                    : HHH000412: Hibernate ORM core version 6.5.3.Final
2025-02-05T00:32:48.901+05:30  INFO 7792 --- [bookApp] [main] o.h.c.internal.RegionFactoryInitiator    : HHH000026: Second-level cache disabled
2025-02-05T00:32:49.244+05:30  INFO 7792 --- [bookApp] [main] o.s.o.j.p.SpringPersistenceUnitInfo      : No LoadTimeWeaver setup: ignoring JPA class transformer
2025-02-05T00:32:50.128+05:30  INFO 7792 --- [bookApp] [main] o.h.e.t.j.p.i.JtaPlatformInitiator       : HHH000489: No JTA platform available (set 'hibernate.transaction.jta.platform' to enable JTA platform integration)
2025-02-05T00:32:50.157+05:30  INFO 7792 --- [bookApp] [main] j.LocalContainerEntityManagerFactoryBean : Initialized JPA EntityManagerFactory for persistence unit 'default'
2025-02-05T00:32:52.408+05:30  WARN 7792 --- [bookApp] [main] JpaBaseConfiguration$JpaWebConfiguration : spring.jpa.open-in-view is enabled by default. Therefore, database queries may be performed during view rendering. Explicitly configure spring.jpa.open-in-view to disable this warning
2025-02-05T00:32:54.189+05:30  INFO 7792 --- [bookApp] [main] o.s.b.a.h2.H2ConsoleAutoConfiguration    : H2 console available at '/h2-console'. Database available at 'jdbc:h2:mem:f213e16f-9c45-411a-b5fb-4efa00c980c6'
2025-02-05T00:32:54.319+05:30  INFO 7792 --- [bookApp] [main] o.s.b.a.e.web.EndpointLinksResolver      : Exposing 15 endpoints beneath base path '/actuator'
2025-02-05T00:32:54.460+05:30  INFO 7792 --- [bookApp] [main] c.book.bookApp.BankAppApplicationTests   : Started BankAppApplicationTests in 8.336 seconds (process running for 9.299)
2025-02-05T00:32:54.476+05:30  INFO 7792 --- [bookApp] [scheduling-1] com.book.bookApp.util.LoggingAspect      : Entering method: BookServiceImpl.getAllBooks() @ 1738695774474
2025-02-05T00:32:55.278+05:30  INFO 7792 --- [bookApp] [SpringApplicationShutdownHook] j.LocalContainerEntityManagerFactoryBean : Closing JPA EntityManagerFactory for persistence unit 'default'
2025-02-05T00:32:55.283+05:30  INFO 7792 --- [bookApp] [SpringApplicationShutdownHook] com.zaxxer.hikari.HikariDataSource       : HikariPool-1 - Shutdown initiated...
2025-02-05T00:32:55.286+05:30  INFO 7792 --- [bookApp] [SpringApplicationShutdownHook] com.zaxxer.hikari.HikariDataSource       : HikariPool-1 - Shutdown completed.
2025-02-05T00:36:36.120+05:30  INFO 13836 --- [bookApp] [main] c.book.bookApp.BankAppApplicationTests   : Starting BankAppApplicationTests using Java 21.0.4 with PID 13836 (started by vidhul.s in C:\Users\vidhul.s\Documents\IdeaProjects\bookApp)
2025-02-05T00:36:36.122+05:30  INFO 13836 --- [bookApp] [main] c.book.bookApp.BankAppApplicationTests   : No active profile set, falling back to 1 default profile: "default"
2025-02-05T00:36:37.279+05:30  INFO 13836 --- [bookApp] [main] .s.d.r.c.RepositoryConfigurationDelegate : Bootstrapping Spring Data JPA repositories in DEFAULT mode.
2025-02-05T00:36:37.333+05:30  INFO 13836 --- [bookApp] [main] .s.d.r.c.RepositoryConfigurationDelegate : Finished Spring Data repository scanning in 43 ms. Found 1 JPA repository interface.
2025-02-05T00:36:38.310+05:30  INFO 13836 --- [bookApp] [main] com.zaxxer.hikari.HikariDataSource       : HikariPool-1 - Starting...
2025-02-05T00:36:38.550+05:30  INFO 13836 --- [bookApp] [main] com.zaxxer.hikari.pool.HikariPool        : HikariPool-1 - Added connection conn0: url=jdbc:h2:mem:22133d8e-9ed9-45fc-96c5-32617c9806bb user=SA
2025-02-05T00:36:38.552+05:30  INFO 13836 --- [bookApp] [main] com.zaxxer.hikari.HikariDataSource       : HikariPool-1 - Start completed.
2025-02-05T00:36:38.611+05:30  INFO 13836 --- [bookApp] [main] o.hibernate.jpa.internal.util.LogHelper  : HHH000204: Processing PersistenceUnitInfo [name: default]
2025-02-05T00:36:38.681+05:30  INFO 13836 --- [bookApp] [main] org.hibernate.Version                    : HHH000412: Hibernate ORM core version 6.5.3.Final
2025-02-05T00:36:38.704+05:30  INFO 13836 --- [bookApp] [main] o.h.c.internal.RegionFactoryInitiator    : HHH000026: Second-level cache disabled
2025-02-05T00:36:39.030+05:30  INFO 13836 --- [bookApp] [main] o.s.o.j.p.SpringPersistenceUnitInfo      : No LoadTimeWeaver setup: ignoring JPA class transformer
2025-02-05T00:36:39.996+05:30  INFO 13836 --- [bookApp] [main] o.h.e.t.j.p.i.JtaPlatformInitiator       : HHH000489: No JTA platform available (set 'hibernate.transaction.jta.platform' to enable JTA platform integration)
2025-02-05T00:36:40.036+05:30  INFO 13836 --- [bookApp] [main] j.LocalContainerEntityManagerFactoryBean : Initialized JPA EntityManagerFactory for persistence unit 'default'
2025-02-05T00:36:42.300+05:30  WARN 13836 --- [bookApp] [main] JpaBaseConfiguration$JpaWebConfiguration : spring.jpa.open-in-view is enabled by default. Therefore, database queries may be performed during view rendering. Explicitly configure spring.jpa.open-in-view to disable this warning
2025-02-05T00:36:44.460+05:30  INFO 13836 --- [bookApp] [main] o.s.b.a.h2.H2ConsoleAutoConfiguration    : H2 console available at '/h2-console'. Database available at 'jdbc:h2:mem:22133d8e-9ed9-45fc-96c5-32617c9806bb'
2025-02-05T00:36:44.557+05:30  INFO 13836 --- [bookApp] [main] o.s.b.a.e.web.EndpointLinksResolver      : Exposing 15 endpoints beneath base path '/actuator'
2025-02-05T00:36:44.734+05:30  INFO 13836 --- [bookApp] [main] c.book.bookApp.BankAppApplicationTests   : Started BankAppApplicationTests in 8.877 seconds (process running for 9.937)
2025-02-05T00:36:44.758+05:30  INFO 13836 --- [bookApp] [scheduling-1] com.book.bookApp.util.LoggingAspect      : Entering method: BookServiceImpl.getAllBooks() @ 1738696004755
2025-02-05T00:36:45.567+05:30  INFO 13836 --- [bookApp] [SpringApplicationShutdownHook] j.LocalContainerEntityManagerFactoryBean : Closing JPA EntityManagerFactory for persistence unit 'default'
2025-02-05T00:36:45.574+05:30  INFO 13836 --- [bookApp] [SpringApplicationShutdownHook] com.zaxxer.hikari.HikariDataSource       : HikariPool-1 - Shutdown initiated...
2025-02-05T00:36:45.579+05:30  INFO 13836 --- [bookApp] [SpringApplicationShutdownHook] com.zaxxer.hikari.HikariDataSource       : HikariPool-1 - Shutdown completed.
